Arguments: 
  C:\Program Files\nodejs\node.exe C:\Users\1\AppData\Roaming\npm\node_modules\yarn\bin\yarn.js add react-push-notification

PATH: 
  C:\Program Files (x86)\Intel\Intel(R) Management Engine Components\iCLS\;C:\Program Files\Intel\Intel(R) Management Engine Components\iCLS\;C:\Windows\system32;C:\Windows;C:\Windows\System32\Wbem;C:\Windows\System32\WindowsPowerShell\v1.0\;C:\Windows\System32\OpenSSH\;C:\Program Files (x86)\Intel\Intel(R) Management Engine Components\DAL;C:\Program Files\Intel\Intel(R) Management Engine Components\DAL;C:\Program Files (x86)\Intel\Intel(R) Management Engine Components\IPT;C:\Program Files\Intel\Intel(R) Management Engine Components\IPT;C:\Program Files\Microsoft SQL Server\150\Tools\Binn\;C:\Program Files\Microsoft SQL Server\Client SDK\ODBC\170\Tools\Binn\;C:\Program Files\dotnet\;C:\Program Files\nodejs\;C:\Program Files\Git\cmd;C:\Users\1\AppData\Local\Microsoft\WindowsApps;C:\Users\1\.dotnet\tools;C:\Users\1\AppData\Local\GitHubDesktop\bin;C:\Users\1\AppData\Roaming\npm

Yarn version: 
  1.22.17

Node version: 
  16.13.1

Platform: 
  win32 x64

Trace: 
  Error: EEXIST: file already exists, mkdir 'C:\Users\1\Desktop\practice-on-software-engineering-firebase\node_modules\eslint-module-utils\node_modules'

npm manifest: 
  {
  	"name": "note-taking-app",
  	"version": "0.1.0",
  	"private": true,
  	"dependencies": {
  		"bootstrap": "^5.1.3",
  		"bootstrap-icons": "^1.7.1",
  		"firebase": "^9.6.0",
  		"formik": "^2.2.9",
  		"moment": "^2.29.1",
  		"qs": "^6.10.1",
  		"react": "^17.0.2",
  		"react-bootstrap": "^2.0.2",
  		"react-dom": "^17.0.2",
  		"react-quill": "^1.3.5",
  		"react-router-dom": "^6.0.2",
  		"react-scripts": "4.0.3",
  		"typescript": "^4.2.4"
  	},
  	"scripts": {
  		"start": "react-scripts start",
  		"build": "react-scripts build",
  		"test": "react-scripts test",
  		"eject": "react-scripts eject"
  	},
  	"eslintConfig": {
  		"plugins": [
  			"simple-import-sort"
  		],
  		"extends": [
  			"eslint:recommended",
  			"react-app",
  			"plugin:prettier/recommended"
  		],
  		"rules": {
  			"simple-import-sort/imports": "error",
  			"simple-import-sort/exports": "error"
  		}
  	},
  	"prettier": {
  		"singleQuote": true,
  		"useTabs": true
  	},
  	"browserslist": {
  		"production": [
  			">0.2%",
  			"not dead",
  			"not op_mini all"
  		],
  		"development": [
  			"last 1 chrome version",
  			"last 1 firefox version",
  			"last 1 safari version"
  		]
  	},
  	"devDependencies": {
  		"@types/node": "^12.20.37",
  		"@types/qs": "^6.9.7",
  		"@types/react": "^17.0.36",
  		"@types/react-bootstrap": "^0.32.28",
  		"@types/react-dom": "^17.0.11",
  		"@types/react-router-dom": "^5.3.2",
  		"eslint": "7.32.0",
  		"eslint-config-prettier": "^8.3.0",
  		"eslint-plugin-prettier": "^4.0.0",
  		"eslint-plugin-simple-import-sort": "^7.0.0",
  		"prettier": "^2.4.1"
  	}
  }

yarn manifest: 
  No manifest

Lockfile: 
  No lockfile
